<?xml version="1.0" encoding="UTF-8"?>
<!-- Generated by org.testng.reporters.JUnitXMLReporter -->
<testsuite ignored="0" hostname="LAPTOP-7UOI14JD" failures="1" tests="3" name="Surefire test" time="107.531" errors="0" timestamp="20 May 2022 16:00:57 GMT">
  <testcase classname="pack.PopTest" name="laptoptest" time="27.374"/>
  <testcase classname="pack.PopTest" name="spketest" time="22.667">
    <failure type="java.lang.AssertionError" message="expected and actual are not same expected [true] but found [false]">
      <![CDATA[java.lang.AssertionError: expected and actual are not same expected [true] but found [false]
at pack.PopTest.spketest(PopTest.java:118)
... Removed 33 stack frames]]>
    </failure>
  </testcase> <!-- spketest -->
  <testcase classname="pack.PopTest" name="tabletest" time="21.754"/>
</testsuite> <!-- Surefire test -->
